<?xml version="1.0" encoding="UTF-8"?>
<!-- Generated by org.testng.reporters.JUnitXMLReporter -->
<testsuite hostname="LAPTOP-92KAMVTI" ignored="7" name="User Profile Test" tests="4" failures="4" timestamp="26 Jun 2021 03:26:05 GMT" time="0.058" errors="0">
  <testcase name="loginPageTest" time="0.012" classname="Tests.LoginPageTest">
    <failure type="java.lang.NullPointerException">
      <![CDATA[java.lang.NullPointerException
	at org.openqa.selenium.support.pagefactory.DefaultElementLocator.findElement(DefaultElementLocator.java:69)
	at org.openqa.selenium.support.pagefactory.internal.LocatingElementHandler.invoke(LocatingElementHandler.java:38)
	at com.sun.proxy.$Proxy9.sendKeys(Unknown Source)
	at Pages.LoginPage.usernameLogin(LoginPage.java:29)
	at Tests.LoginPageTest.loginPageTest(LoginPageTest.java:26)
... Removed 25 stack frames]]>
    </failure>
  </testcase> <!-- loginPageTest -->
  <testcase name="homePageTest1" time="0.002" classname="Tests.HomePageTest">
    <failure type="java.lang.NullPointerException">
      <![CDATA[java.lang.NullPointerException
	at Tests.HomePageTest.homePageTest1(HomePageTest.java:24)
... Removed 25 stack frames]]>
    </failure>
  </testcase> <!-- homePageTest1 -->
  <testcase name="profileCreationPageTest" time="0.005" classname="Tests.ProfileCreationPageTest">
    <failure type="java.lang.NullPointerException">
      <![CDATA[java.lang.NullPointerException
	at Tests.ProfileCreationPageTest.profileCreationPageTest(ProfileCreationPageTest.java:27)
... Removed 25 stack frames]]>
    </failure>
  </testcase> <!-- profileCreationPageTest -->
  <testcase name="userDetailsPageTest" time="0.006" classname="Tests.UserDetailsPageTest">
    <failure type="java.lang.NullPointerException">
      <![CDATA[java.lang.NullPointerException
	at Tests.UserDetailsPageTest.userDetailsPageTest(UserDetailsPageTest.java:25)
... Removed 25 stack frames]]>
    </failure>
  </testcase> <!-- userDetailsPageTest -->
  <testcase name="homePageTest2" time="0.0" classname="Tests.HomePageTest">
    <ignored/>
  </testcase> <!-- homePageTest2 -->
  <testcase name="homePageTest8" time="0.0" classname="Tests.HomePageTest">
    <ignored/>
  </testcase> <!-- homePageTest8 -->
  <testcase name="homePageTest5" time="0.0" classname="Tests.HomePageTest">
    <ignored/>
  </testcase> <!-- homePageTest5 -->
  <testcase name="homePageTest7" time="0.0" classname="Tests.HomePageTest">
    <ignored/>
  </testcase> <!-- homePageTest7 -->
  <testcase name="homePageTest4" time="0.0" classname="Tests.HomePageTest">
    <ignored/>
  </testcase> <!-- homePageTest4 -->
  <testcase name="homePageTest6" time="0.0" classname="Tests.HomePageTest">
    <ignored/>
  </testcase> <!-- homePageTest6 -->
  <testcase name="homePageTest3" time="0.0" classname="Tests.HomePageTest">
    <ignored/>
  </testcase> <!-- homePageTest3 -->
</testsuite> <!-- User Profile Test -->
